#
# A fatal error has been detected by the Java Runtime Environment:
#
#  EXCEPTION_ACCESS_VIOLATION (0xc0000005) at pc=0x000000006e36bfb1, pid=4488, tid=0x0000000000001620
#
# JRE version: OpenJDK Runtime Environment (8.0_152-b01) (build 1.8.0_152-release-915-b01)
# Java VM: OpenJDK 64-Bit Server VM (25.152-b01 mixed mode windows-amd64 compressed oops)
# Problematic frame:
# V  [jvm.dll+0x3cbfb1]
#
# Failed to write core dump. Minidumps are not enabled by default on client versions of Windows
#
# If you would like to submit a bug report, please visit:
#   http://bugreport.java.com/bugreport/crash.jsp
#

---------------  T H R E A D  ---------------

Current thread (0x0000000001f30000):  GCTaskThread [stack: 0x0000000011f50000,0x0000000012050000] [id=5664]

siginfo: ExceptionCode=0xc0000005, reading address 0xffffffffffffffff

Registers:
RAX=0x00000000555ccb38, RBX=0x00000000f57bcd30, RCX=0x000000001558a7b8, RDX=0x0000000055f06700
RSP=0x000000001204fab0, RBP=0x000000000aab992a, RSI=0x0000000055f06700, RDI=0x000000005925e00d
R8 =0x00000000f57bcd30, R9 =0x000000001558a7b8, R10=0x0000000000000000, R11=0x0000000000000246
R12=0x000000006e5b50c8, R13=0x000000005925e00d, R14=0x0000000000000001, R15=0x0000000001f30560
RIP=0x000000006e36bfb1, EFLAGS=0x0000000000010a87

Top of Stack: (sp=0x000000001204fab0)
0x000000001204fab0:   000000000aab992a 000000000aab992a
0x000000001204fac0:   0000000055f06700 000000005925e00d
0x000000001204fad0:   0000000000000000 000000006e36c2ed
0x000000001204fae0:   00000000f57bcd30 0000000055f06700
0x000000001204faf0:   0000000055f06700 000000006e0669f0
0x000000001204fb00:   0000000001f2b510 00000000f46fe7e0
0x000000001204fb10:   00000000f5ac9d70 000000001204fc40
0x000000001204fb20:   0000000000000000 0000000001f2b501
0x000000001204fb30:   000000006e5b50c8 000000006e36c440
0x000000001204fb40:   00000000f47000e4 0000000000000000
0x000000001204fb50:   0000000055f06700 0000082300000234
0x000000001204fb60:   00000000f47000e4 000000006e36ce15
0x000000001204fb70:   000000000000000d 000000006e5b50c8
0x000000001204fb80:   00000000f46fe7e0 000000006e36c351
0x000000001204fb90:   0000082300000234 0000000000000005
0x000000001204fba0:   0000000055f06700 0000082300000234 

Instructions: (pc=0x000000006e36bfb1)
0x000000006e36bf91:   bb e6 38 00 eb 04 4c 8b 4b 08 41 81 79 08 00 00
0x000000006e36bfa1:   00 c0 73 12 49 8b 01 4c 8b c3 48 8b d6 49 8b c9
0x000000006e36bfb1:   ff 90 20 01 00 00 48 8b d7 48 8b cb e8 6e 1a 00
0x000000006e36bfc1:   00 48 8b c3 48 8b 5c 24 30 48 8b 74 24 38 48 83 


Register to memory mapping:

RAX={method} {0x00000000555ccb40} 'throwSetIllegalArgumentException' '(B)V' in 'sun/reflect/UnsafeFieldAccessorImpl'
RBX=0x00000000f57bcd30 is an oop

[error occurred during error reporting (printing register info), id 0xc0000005]

Stack: [0x0000000011f50000,0x0000000012050000],  sp=0x000000001204fab0,  free space=1022k
Native frames: (J=compiled Java code, j=interpreted, Vv=VM code, C=native code)
V  [jvm.dll+0x3cbfb1]
V  [jvm.dll+0x3cc2ed]
V  [jvm.dll+0x3cc440]
V  [jvm.dll+0x3cce15]
V  [jvm.dll+0x3cf9ab]
V  [jvm.dll+0x3be2ce]
V  [jvm.dll+0x26d4aa]
C  [msvcr100.dll+0x21d9f]
C  [msvcr100.dll+0x21e3b]
C  [kernel32.dll+0x159cd]
C  [ntdll.dll+0x2a561]


---------------  P R O C E S S  ---------------

Java Threads: ( => current thread )
  0x000000005c23a000 JavaThread "Cache update executor" [_thread_blocked, id=6836, stack(0x000000005ea70000,0x000000005eb70000)]
  0x000000005c239800 JavaThread "Stdin handler" [_thread_blocked, id=2832, stack(0x0000000061610000,0x0000000061710000)]
  0x000000005c238800 JavaThread "Asynchronous log dispatcher for DefaultDaemonConnection: socket connection from /127.0.0.1:50120 to /127.0.0.1:50154" [_thread_blocked, id=2252, stack(0x0000000061460000,0x0000000061560000)]
  0x000000005c238000 JavaThread "Cancel handler" [_thread_blocked, id=5536, stack(0x000000005b0f0000,0x000000005b1f0000)]
  0x000000005c237000 JavaThread "Handler for socket connection from /127.0.0.1:50120 to /127.0.0.1:50154" [_thread_in_native, id=5408, stack(0x000000005b640000,0x000000005b740000)]
  0x000000005a6d7000 JavaThread "File lock request listener" [_thread_in_native, id=5892, stack(0x000000005bc60000,0x000000005bd60000)]
  0x0000000059271000 JavaThread "pool-1-thread-1" [_thread_blocked, id=2780, stack(0x000000005b530000,0x000000005b630000)]
  0x000000005925e000 JavaThread "Daemon worker" [_thread_blocked, id=4428, stack(0x000000005b7b0000,0x000000005b8b0000)]
  0x0000000059439800 JavaThread "Daemon" [_thread_blocked, id=5460, stack(0x000000005b200000,0x000000005b300000)]
  0x00000000595ba800 JavaThread "Incoming local TCP Connector on port 50120" [_thread_in_native, id=2504, stack(0x000000005af70000,0x000000005b070000)]
  0x0000000057bb9000 JavaThread "Service Thread" daemon [_thread_blocked, id=3632, stack(0x0000000057ff0000,0x00000000580f0000)]
  0x0000000055f74000 JavaThread "C1 CompilerThread2" daemon [_thread_blocked, id=3664, stack(0x0000000057370000,0x0000000057470000)]
  0x0000000055f73000 JavaThread "C2 CompilerThread1" daemon [_thread_blocked, id=6360, stack(0x0000000057a50000,0x0000000057b50000)]
  0x0000000055f6e000 JavaThread "C2 CompilerThread0" daemon [_thread_blocked, id=1064, stack(0x0000000057810000,0x0000000057910000)]
  0x0000000055f7e800 JavaThread "Attach Listener" daemon [_thread_blocked, id=6472, stack(0x0000000057670000,0x0000000057770000)]
  0x0000000055f7d000 JavaThread "Signal Dispatcher" daemon [_thread_blocked, id=5148, stack(0x00000000574b0000,0x00000000575b0000)]
  0x0000000055f58000 JavaThread "Finalizer" daemon [_thread_blocked, id=5816, stack(0x0000000057240000,0x0000000057340000)]
  0x0000000055f11000 JavaThread "Reference Handler" daemon [_thread_blocked, id=4252, stack(0x0000000056f00000,0x0000000057000000)]
  0x0000000001f18000 JavaThread "main" [_thread_blocked, id=6616, stack(0x0000000002000000,0x0000000002100000)]

Other Threads:
  0x0000000055f09800 VMThread [stack: 0x0000000057050000,0x0000000057150000] [id=6708]
  0x0000000057bba000 WatcherThread [stack: 0x0000000058150000,0x0000000058250000] [id=3872]

=>0x0000000001f30000 (exited) GCTaskThread [stack: 0x0000000011f50000,0x0000000012050000] [id=5664]

VM state:at safepoint (normal execution)

VM Mutex/Monitor currently owned by a thread:  ([mutex/lock_event])
[0x0000000001edcdb0] Threads_lock - owner thread: 0x0000000055f09800
[0x0000000001edd2b0] Heap_lock - owner thread: 0x000000005925e000

Heap:
 PSYoungGen      total 329216K, used 127832K [0x00000000e0000000, 0x00000000f6800000, 0x0000000100000000)
  eden space 311808K, 35% used [0x00000000e0000000,0x00000000e6bda210,0x00000000f3080000)
  from space 17408K, 99% used [0x00000000f4a00000,0x00000000f5afc008,0x00000000f5b00000)
  to   space 26112K, 89% used [0x00000000f3080000,0x00000000f474d7e0,0x00000000f4a00000)
 ParOldGen       total 1048576K, used 32072K [0x00000000a0000000, 0x00000000e0000000, 0x00000000e0000000)
  object space 1048576K, 3% used [0x00000000a0000000,0x00000000a1f52248,0x00000000e0000000)
 Metaspace       used 56740K, capacity 59088K, committed 59136K, reserved 1099776K
  class space    used 7626K, capacity 8179K, committed 8192K, reserved 1048576K

Card table byte_map: [0x0000000011790000,0x0000000011aa0000] byte_map_base: 0x0000000011290000

Marking Bits: (ParMarkBitMap*) 0x000000006e763950
 Begin Bits: [0x0000000012280000, 0x0000000013a80000)
 End Bits:   [0x0000000013a80000, 0x0000000015280000)

Polling page: 0x0000000000110000

CodeCache: size=245760Kb used=23995Kb max_used=24006Kb free=221764Kb
 bounds [0x00000000023d0000, 0x0000000003b60000, 0x00000000113d0000]
 total_blobs=7512 nmethods=6752 adapters=673
 compilation: enabled

Compilation events (10 events):
Event: 100.632 Thread 0x0000000055f74000 nmethod 7617 0x0000000003b4bd10 code [0x0000000003b4be80, 0x0000000003b4c158]
Event: 100.632 Thread 0x0000000055f74000 7618       3       java.util.SubList::add (45 bytes)
Event: 100.634 Thread 0x0000000055f74000 nmethod 7618 0x0000000003b4b310 code [0x0000000003b4b4c0, 0x0000000003b4ba38]
Event: 100.637 Thread 0x0000000055f6e000 nmethod 7612 0x0000000003b4db10 code [0x0000000003b4dc60, 0x0000000003b4e0f8]
Event: 100.699 Thread 0x0000000055f74000 7619       3       sun.nio.cs.UTF_8$Decoder::decodeArrayLoop (691 bytes)
Event: 100.716 Thread 0x0000000055f74000 nmethod 7619 0x0000000003b4ff50 code [0x0000000003b508a0, 0x0000000003b56f88]
Event: 100.729 Thread 0x0000000055f74000 7620       3       java.security.AccessControlContext::combine (205 bytes)
Event: 100.731 Thread 0x0000000055f74000 nmethod 7620 0x0000000003b4ca50 code [0x0000000003b4cc40, 0x0000000003b4d718]
Event: 100.811 Thread 0x0000000055f73000 7621       4       java.util.concurrent.TimeUnit$3::toNanos (11 bytes)
Event: 100.813 Thread 0x0000000055f73000 nmethod 7621 0x0000000003b4b010 code [0x0000000003b4b140, 0x0000000003b4b1f8]

GC Heap History (10 events):
Event: 28.609 GC heap after
Heap after GC invocations=6 (full 1):
 PSYoungGen      total 93696K, used 3552K [0x00000000e0000000, 0x00000000ec280000, 0x0000000100000000)
  eden space 90112K, 0% used [0x00000000e0000000,0x00000000e0000000,0x00000000e5800000)
  from space 3584K, 99% used [0x00000000e5800000,0x00000000e5b78010,0x00000000e5b80000)
  to   space 13312K, 0% used [0x00000000eb580000,0x00000000eb580000,0x00000000ec280000)
 ParOldGen       total 40960K, used 16198K [0x00000000a0000000, 0x00000000a2800000, 0x00000000e0000000)
  object space 40960K, 39% used [0x00000000a0000000,0x00000000a0fd1af0,0x00000000a2800000)
 Metaspace       used 28162K, capacity 28722K, committed 28928K, reserved 1075200K
  class space    used 3853K, capacity 4065K, committed 4096K, reserved 1048576K
}
Event: 56.310 GC heap before
{Heap before GC invocations=7 (full 1):
 PSYoungGen      total 93696K, used 88023K [0x00000000e0000000, 0x00000000ec280000, 0x0000000100000000)
  eden space 90112K, 93% used [0x00000000e0000000,0x00000000e527dee8,0x00000000e5800000)
  from space 3584K, 99% used [0x00000000e5800000,0x00000000e5b78010,0x00000000e5b80000)
  to   space 13312K, 0% used [0x00000000eb580000,0x00000000eb580000,0x00000000ec280000)
 ParOldGen       total 40960K, used 16198K [0x00000000a0000000, 0x00000000a2800000, 0x00000000e0000000)
  object space 40960K, 39% used [0x00000000a0000000,0x00000000a0fd1af0,0x00000000a2800000)
 Metaspace       used 34712K, capacity 35438K, committed 35496K, reserved 1079296K
  class space    used 4615K, capacity 4861K, committed 4864K, reserved 1048576K
Event: 56.363 GC heap after
Heap after GC invocations=7 (full 1):
 PSYoungGen      total 183808K, used 10367K [0x00000000e0000000, 0x00000000ec280000, 0x0000000100000000)
  eden space 170496K, 0% used [0x00000000e0000000,0x00000000e0000000,0x00000000ea680000)
  from space 13312K, 77% used [0x00000000eb580000,0x00000000ebf9fc80,0x00000000ec280000)
  to   space 14336K, 0% used [0x00000000ea680000,0x00000000ea680000,0x00000000eb480000)
 ParOldGen       total 40960K, used 16206K [0x00000000a0000000, 0x00000000a2800000, 0x00000000e0000000)
  object space 40960K, 39% used [0x00000000a0000000,0x00000000a0fd3af0,0x00000000a2800000)
 Metaspace       used 34712K, capacity 35438K, committed 35496K, reserved 1079296K
  class space    used 4615K, capacity 4861K, committed 4864K, reserved 1048576K
}
Event: 56.363 GC heap before
{Heap before GC invocations=8 (full 2):
 PSYoungGen      total 183808K, used 10367K [0x00000000e0000000, 0x00000000ec280000, 0x0000000100000000)
  eden space 170496K, 0% used [0x00000000e0000000,0x00000000e0000000,0x00000000ea680000)
  from space 13312K, 77% used [0x00000000eb580000,0x00000000ebf9fc80,0x00000000ec280000)
  to   space 14336K, 0% used [0x00000000ea680000,0x00000000ea680000,0x00000000eb480000)
 ParOldGen       total 40960K, used 16206K [0x00000000a0000000, 0x00000000a2800000, 0x00000000e0000000)
  object space 40960K, 39% used [0x00000000a0000000,0x00000000a0fd3af0,0x00000000a2800000)
 Metaspace       used 34712K, capacity 35438K, committed 35496K, reserved 1079296K
  class space    used 4615K, capacity 4861K, committed 4864K, reserved 1048576K
Event: 56.601 GC heap after
Heap after GC invocations=8 (full 2):
 PSYoungGen      total 183808K, used 0K [0x00000000e0000000, 0x00000000ec280000, 0x0000000100000000)
  eden space 170496K, 0% used [0x00000000e0000000,0x00000000e0000000,0x00000000ea680000)
  from space 13312K, 0% used [0x00000000eb580000,0x00000000eb580000,0x00000000ec280000)
  to   space 14336K, 0% used [0x00000000ea680000,0x00000000ea680000,0x00000000eb480000)
 ParOldGen       total 53248K, used 17769K [0x00000000a0000000, 0x00000000a3400000, 0x00000000e0000000)
  object space 53248K, 33% used [0x00000000a0000000,0x00000000a115a548,0x00000000a3400000)
 Metaspace       used 34712K, capacity 35438K, committed 35496K, reserved 1079296K
  class space    used 4615K, capacity 4861K, committed 4864K, reserved 1048576K
}
Event: 64.896 GC heap before
{Heap before GC invocations=9 (full 2):
 PSYoungGen      total 183808K, used 170496K [0x00000000e0000000, 0x00000000ec280000, 0x0000000100000000)
  eden space 170496K, 100% used [0x00000000e0000000,0x00000000ea680000,0x00000000ea680000)
  from space 13312K, 0% used [0x00000000eb580000,0x00000000eb580000,0x00000000ec280000)
  to   space 14336K, 0% used [0x00000000ea680000,0x00000000ea680000,0x00000000eb480000)
 ParOldGen       total 53248K, used 17769K [0x00000000a0000000, 0x00000000a3400000, 0x00000000e0000000)
  object space 53248K, 33% used [0x00000000a0000000,0x00000000a115a548,0x00000000a3400000)
 Metaspace       used 46043K, capacity 47264K, committed 47488K, reserved 1089536K
  class space    used 6144K, capacity 6497K, committed 6528K, reserved 1048576K
Event: 65.083 GC heap after
Heap after GC invocations=9 (full 2):
 PSYoungGen      total 184832K, used 14320K [0x00000000e0000000, 0x00000000f5b00000, 0x0000000100000000)
  eden space 170496K, 0% used [0x00000000e0000000,0x00000000e0000000,0x00000000ea680000)
  from space 14336K, 99% used [0x00000000ea680000,0x00000000eb47c2e0,0x00000000eb480000)
  to   space 17408K, 0% used [0x00000000f4a00000,0x00000000f4a00000,0x00000000f5b00000)
 ParOldGen       total 53248K, used 19367K [0x00000000a0000000, 0x00000000a3400000, 0x00000000e0000000)
  object space 53248K, 36% used [0x00000000a0000000,0x00000000a12e9c88,0x00000000a3400000)
 Metaspace       used 46043K, capacity 47264K, committed 47488K, reserved 1089536K
  class space    used 6144K, capacity 6497K, committed 6528K, reserved 1048576K
}
Event: 72.103 GC heap before
{Heap before GC invocations=10 (full 2):
 PSYoungGen      total 184832K, used 184816K [0x00000000e0000000, 0x00000000f5b00000, 0x0000000100000000)
  eden space 170496K, 100% used [0x00000000e0000000,0x00000000ea680000,0x00000000ea680000)
  from space 14336K, 99% used [0x00000000ea680000,0x00000000eb47c2e0,0x00000000eb480000)
  to   space 17408K, 0% used [0x00000000f4a00000,0x00000000f4a00000,0x00000000f5b00000)
 ParOldGen       total 53248K, used 19367K [0x00000000a0000000, 0x00000000a3400000, 0x00000000e0000000)
  object space 53248K, 36% used [0x00000000a0000000,0x00000000a12e9c88,0x00000000a3400000)
 Metaspace       used 51397K, capacity 53252K, committed 53376K, reserved 1095680K
  class space    used 7031K, capacity 7470K, committed 7552K, reserved 1048576K
Event: 72.189 GC heap after
Heap after GC invocations=10 (full 2):
 PSYoungGen      total 329216K, used 17392K [0x00000000e0000000, 0x00000000f6800000, 0x0000000100000000)
  eden space 311808K, 0% used [0x00000000e0000000,0x00000000e0000000,0x00000000f3080000)
  from space 17408K, 99% used [0x00000000f4a00000,0x00000000f5afc008,0x00000000f5b00000)
  to   space 26112K, 0% used [0x00000000f3080000,0x00000000f3080000,0x00000000f4a00000)
 ParOldGen       total 53248K, used 32064K [0x00000000a0000000, 0x00000000a3400000, 0x00000000e0000000)
  object space 53248K, 60% used [0x00000000a0000000,0x00000000a1f50248,0x00000000a3400000)
 Metaspace       used 51397K, capacity 53252K, committed 53376K, reserved 1095680K
  class space    used 7031K, capacity 7470K, committed 7552K, reserved 1048576K
}
Event: 100.976 GC heap before
{Heap before GC invocations=11 (full 2):
 PSYoungGen      total 329216K, used 127832K [0x00000000e0000000, 0x00000000f6800000, 0x0000000100000000)
  eden space 311808K, 35% used [0x00000000e0000000,0x00000000e6bda210,0x00000000f3080000)
  from space 17408K, 99% used [0x00000000f4a00000,0x00000000f5afc008,0x00000000f5b00000)
  to   space 26112K, 0% used [0x00000000f3080000,0x00000000f3080000,0x00000000f4a00000)
 ParOldGen       total 53248K, used 32064K [0x00000000a0000000, 0x00000000a3400000, 0x00000000e0000000)
  object space 53248K, 60% used [0x00000000a0000000,0x00000000a1f50248,0x00000000a3400000)
 Metaspace       used 56740K, capacity 59088K, committed 59136K, reserved 1099776K
  class space    used 7626K, capacity 8179K, committed 8192K, reserved 1048576K

Deoptimization events (10 events):
Event: 100.191 Thread 0x000000005925e000 Uncommon trap: reason=class_check action=maybe_recompile pc=0x00000000039ea28c method=com.google.common.collect.AbstractIterator.tryToComputeNext()Z @ 9
Event: 100.219 Thread 0x000000005925e000 Uncommon trap: reason=class_check action=maybe_recompile pc=0x000000000308d914 method=com.google.common.collect.ImmutableList$1.get(I)Ljava/lang/Object; @ 5
Event: 100.410 Thread 0x000000005925e000 Uncommon trap: reason=class_check action=maybe_recompile pc=0x000000000308d914 method=com.google.common.collect.ImmutableList$1.get(I)Ljava/lang/Object; @ 5
Event: 100.410 Thread 0x000000005925e000 Uncommon trap: reason=class_check action=maybe_recompile pc=0x000000000308d914 method=com.google.common.collect.ImmutableList$1.get(I)Ljava/lang/Object; @ 5
Event: 100.416 Thread 0x000000005925e000 Uncommon trap: reason=class_check action=maybe_recompile pc=0x00000000039ea28c method=com.google.common.collect.AbstractIterator.tryToComputeNext()Z @ 9
Event: 100.446 Thread 0x000000005925e000 Uncommon trap: reason=class_check action=maybe_recompile pc=0x00000000039ea28c method=com.google.common.collect.AbstractIterator.tryToComputeNext()Z @ 9
Event: 100.447 Thread 0x000000005925e000 Uncommon trap: reason=class_check action=maybe_recompile pc=0x000000000308d914 method=com.google.common.collect.ImmutableList$1.get(I)Ljava/lang/Object; @ 5
Event: 100.449 Thread 0x000000005925e000 Uncommon trap: reason=class_check action=maybe_recompile pc=0x00000000039ea28c method=com.google.common.collect.AbstractIterator.tryToComputeNext()Z @ 9
Event: 100.699 Thread 0x000000005925e000 Uncommon trap: reason=unstable_if action=reinterpret pc=0x00000000028754a4 method=sun.nio.cs.UTF_8$Decoder.decodeArrayLoop(Ljava/nio/ByteBuffer;Ljava/nio/CharBuffer;)Ljava/nio/charset/CoderResult; @ 84
Event: 100.700 Thread 0x000000005925e000 Uncommon trap: reason=unstable_if action=reinterpret pc=0x0000000002f23ec8 method=com.sun.org.apache.xerces.internal.parsers.AbstractDOMParser.startElement(Lcom/sun/org/apache/xerces/internal/xni/QName;Lcom/sun/org/apache/xerces/internal/xni/XMLAttributes

Classes redefined (0 events):
No events

Internal exceptions (10 events):
Event: 97.281 Thread 0x000000005925e000 Exception <a 'sun/nio/fs/WindowsException'> (0x00000000e4c97228) thrown at [D:\src\AOSP-openjdk-cygwin\jdk8u\hotspot\src\share\vm\prims\jni.cpp, line 709]
Event: 97.281 Thread 0x000000005925e000 Exception <a 'sun/nio/fs/WindowsException'> (0x00000000e4c9a250) thrown at [D:\src\AOSP-openjdk-cygwin\jdk8u\hotspot\src\share\vm\prims\jni.cpp, line 709]
Event: 97.281 Thread 0x000000005925e000 Exception <a 'sun/nio/fs/WindowsException'> (0x00000000e4c9af70) thrown at [D:\src\AOSP-openjdk-cygwin\jdk8u\hotspot\src\share\vm\prims\jni.cpp, line 709]
Event: 97.282 Thread 0x000000005925e000 Exception <a 'sun/nio/fs/WindowsException'> (0x00000000e4c9ccc8) thrown at [D:\src\AOSP-openjdk-cygwin\jdk8u\hotspot\src\share\vm\prims\jni.cpp, line 709]
Event: 97.282 Thread 0x000000005925e000 Exception <a 'sun/nio/fs/WindowsException'> (0x00000000e4c9da28) thrown at [D:\src\AOSP-openjdk-cygwin\jdk8u\hotspot\src\share\vm\prims\jni.cpp, line 709]
Event: 98.742 Thread 0x000000005925e000 Exception <a 'java/lang/NoSuchMethodError': <clinit>> (0x00000000e619b500) thrown at [D:\src\AOSP-openjdk-cygwin\jdk8u\hotspot\src\share\vm\prims\jni.cpp, line 1613]
Event: 98.743 Thread 0x000000005925e000 Exception <a 'java/lang/NoSuchMethodError': <clinit>> (0x00000000e61a8d68) thrown at [D:\src\AOSP-openjdk-cygwin\jdk8u\hotspot\src\share\vm\prims\jni.cpp, line 1613]
Event: 98.765 Thread 0x000000005925e000 Exception <a 'java/lang/NoSuchMethodError': <clinit>> (0x00000000e621c628) thrown at [D:\src\AOSP-openjdk-cygwin\jdk8u\hotspot\src\share\vm\prims\jni.cpp, line 1613]
Event: 98.767 Thread 0x000000005925e000 Exception <a 'java/lang/NoSuchMethodError': <clinit>> (0x00000000e6235380) thrown at [D:\src\AOSP-openjdk-cygwin\jdk8u\hotspot\src\share\vm\prims\jni.cpp, line 1613]
Event: 98.767 Thread 0x000000005925e000 Exception <a 'java/lang/NoSuchMethodError': <clinit>> (0x00000000e6237000) thrown at [D:\src\AOSP-openjdk-cygwin\jdk8u\hotspot\src\share\vm\prims\jni.cpp, line 1613]

Events (10 events):
Event: 100.935 loading class com/sun/org/apache/xalan/internal/extensions/ExpressionContext done
Event: 100.935 loading class com/sun/org/apache/xpath/internal/XPathContext$XPathExpressionContext done
Event: 100.935 loading class com/sun/org/apache/xpath/internal/objects/XMLStringFactoryImpl
Event: 100.936 loading class com/sun/org/apache/xml/internal/utils/XMLStringFactory
Event: 100.937 loading class com/sun/org/apache/xml/internal/utils/XMLStringFactory done
Event: 100.937 loading class com/sun/org/apache/xpath/internal/objects/XMLStringFactoryImpl done
Event: 100.937 loading class com/sun/org/apache/xml/internal/dtm/ref/DTMManagerDefault
Event: 100.955 loading class com/sun/org/apache/xml/internal/dtm/ref/DTMManagerDefault done
Event: 100.955 loading class com/sun/org/apache/xml/internal/dtm/DTM
Event: 100.976 Executing VM operation: CollectForMetadataAllocation


Dynamic libraries:
0x000000013f3e0000 - 0x000000013f411000 	C:\Program Files\Android\Android Studio\jre\bin\java.exe
0x0000000077190000 - 0x000000007733a000 	C:\Windows\SYSTEM32\ntdll.dll
0x0000000076f70000 - 0x000000007708f000 	C:\Windows\system32\kernel32.dll
0x000007fefcee0000 - 0x000007fefcf4a000 	C:\Windows\system32\KERNELBASE.dll
0x000007fefe890000 - 0x000007fefe96b000 	C:\Windows\system32\ADVAPI32.dll
0x000007fefe7f0000 - 0x000007fefe88f000 	C:\Windows\system32\msvcrt.dll
0x000007fefe7d0000 - 0x000007fefe7ef000 	C:\Windows\SYSTEM32\sechost.dll
0x000007fefd390000 - 0x000007fefd4bd000 	C:\Windows\system32\RPCRT4.dll
0x0000000077090000 - 0x000000007718a000 	C:\Windows\system32\USER32.dll
0x000007fefd930000 - 0x000007fefd997000 	C:\Windows\system32\GDI32.dll
0x000007fefea90000 - 0x000007fefea9e000 	C:\Windows\system32\LPK.dll
0x000007fefd2c0000 - 0x000007fefd38b000 	C:\Windows\system32\USP10.dll
0x000007fefb820000 - 0x000007fefba14000 	C:\Windows\WinSxS\amd64_microsoft.windows.common-controls_6595b64144ccf1df_6.0.7601.18837_none_fa3b1e3d17594757\COMCTL32.dll
0x000007fefd890000 - 0x000007fefd901000 	C:\Windows\system32\SHLWAPI.dll
0x000007fefe970000 - 0x000007fefe99e000 	C:\Windows\system32\IMM32.DLL
0x000007fefeaa0000 - 0x000007fefeba9000 	C:\Windows\system32\MSCTF.dll
0x00000000724f0000 - 0x00000000725c2000 	C:\Program Files\Android\Android Studio\jre\jre\bin\msvcr100.dll
0x000000006dfa0000 - 0x000000006e7de000 	C:\Program Files\Android\Android Studio\jre\jre\bin\server\jvm.dll
0x000007feee590000 - 0x000007feee599000 	C:\Windows\system32\WSOCK32.dll
0x000007fefedf0000 - 0x000007fefee3d000 	C:\Windows\system32\WS2_32.dll
0x000007fefea80000 - 0x000007fefea88000 	C:\Windows\system32\NSI.dll
0x000007fef7db0000 - 0x000007fef7deb000 	C:\Windows\system32\WINMM.dll
0x000007fefbf10000 - 0x000007fefbf1c000 	C:\Windows\system32\VERSION.dll
0x0000000077350000 - 0x0000000077357000 	C:\Windows\system32\PSAPI.DLL
0x000007fef9ea0000 - 0x000007fef9eaf000 	C:\Program Files\Android\Android Studio\jre\jre\bin\verify.dll
0x000007fef9e70000 - 0x000007fef9e99000 	C:\Program Files\Android\Android Studio\jre\jre\bin\java.dll
0x000007fef9e50000 - 0x000007fef9e66000 	C:\Program Files\Android\Android Studio\jre\jre\bin\zip.dll
0x000007fefd9a0000 - 0x000007fefe72a000 	C:\Windows\system32\SHELL32.dll
0x000007feff2a0000 - 0x000007feff49c000 	C:\Windows\system32\ole32.dll
0x000007fefce80000 - 0x000007fefce8f000 	C:\Windows\system32\profapi.dll
0x000007fef9e30000 - 0x000007fef9e4a000 	C:\Program Files\Android\Android Studio\jre\jre\bin\net.dll
0x000007fefc650000 - 0x000007fefc6a5000 	C:\Windows\system32\mswsock.dll
0x000007fefc640000 - 0x000007fefc647000 	C:\Windows\System32\wship6.dll
0x000007fef9e10000 - 0x000007fef9e21000 	C:\Program Files\Android\Android Studio\jre\jre\bin\nio.dll
0x000007feed240000 - 0x000007feed25e000 	C:\Users\Leonardo Andres\.gradle\native\23\windows-amd64\native-platform.dll
0x000007fefc6b0000 - 0x000007fefc6c8000 	C:\Windows\system32\CRYPTSP.dll
0x000007fefc3b0000 - 0x000007fefc3f7000 	C:\Windows\system32\rsaenh.dll
0x000007fefd150000 - 0x000007fefd16e000 	C:\Windows\system32\USERENV.dll
0x000007fefcd20000 - 0x000007fefcd2f000 	C:\Windows\system32\CRYPTBASE.dll
0x000007fef91e0000 - 0x000007fef9207000 	C:\Windows\system32\IPHLPAPI.DLL
0x000007fef91c0000 - 0x000007fef91cb000 	C:\Windows\system32\WINNSI.DLL
0x000007fef9020000 - 0x000007fef9031000 	C:\Windows\system32\dhcpcsvc6.DLL
0x000007fef9000000 - 0x000007fef9018000 	C:\Windows\system32\dhcpcsvc.DLL
0x000007fef9e00000 - 0x000007fef9e0d000 	C:\Program Files\Android\Android Studio\jre\jre\bin\management.dll
0x000007fefccc0000 - 0x000007fefcd17000 	C:\Windows\system32\apphelp.dll
0x000007fee53e0000 - 0x000007fee5505000 	C:\Windows\system32\dbghelp.dll

VM Arguments:
jvm_args: -Xmx1536m -Dfile.encoding=windows-1252 -Duser.country=CO -Duser.language=es -Duser.variant 
java_command: org.gradle.launcher.daemon.bootstrap.GradleDaemon 3.3
java_class_path (initial): C:\Users\Leonardo Andres\.gradle\wrapper\dists\gradle-3.3-all\55gk2rcmfc6p2dg9u9ohc3hw9\gradle-3.3\lib\gradle-launcher-3.3.jar
Launcher Type: SUN_STANDARD

Environment Variables:
JAVA_HOME=C:\Program Files\Java\jdk1.8.0_51
PATH=C:\ProgramData\Oracle\Java\javapath;C:\Program Files\Java\jdk1.8.0_51;C:\Users\Leonardo Andres\Downloads\apache-maven-3.3.9-bin\apache-maven-3.3.9\bin;C:\Program Files\Java\jdk1.8.0_51\bin;C:\Program Files (x86)\AMD\ATI.ACE\Core-Static;C:\Program Files\nodejs\;C:\Users\Leonardo Andres\Anaconda3;C:\Users\Leonardo Andres\Anaconda3\Library\mingw-w64\bin;C:\Users\Leonardo Andres\Anaconda3\Library\usr\bin;C:\Users\Leonardo Andres\Anaconda3\Library\bin;C:\Users\Leonardo Andres\Anaconda3\Scripts;C:\Users\Leonardo Andres\AppData\Roaming\npm
USERNAME=Leonardo Andres
OS=Windows_NT
PROCESSOR_IDENTIFIER=AMD64 Family 18 Model 1 Stepping 0, AuthenticAMD



---------------  S Y S T E M  ---------------

OS: Windows 7 , 64 bit Build 7601 (6.1.7601.23889)

CPU:total 4 (initial active 4) (4 cores per cpu, 1 threads per core) family 18 model 1 stepping 0, cmov, cx8, fxsr, mmx, sse, sse2, sse3, popcnt, mmxext, 3dnowpref, lzcnt, sse4a, tsc, tscinvbit, tscinv

Memory: 4k page, physical 5745564k(1625572k free), swap 11489268k(6026876k free)

vm_info: OpenJDK 64-Bit Server VM (25.152-b01) for windows-amd64 JRE (1.8.0_152-release-915-b01), built by "builder" with MS VC++ 10.0 (VS2010)

time: Sun Nov 26 17:19:29 2017
elapsed time: 101 seconds (0d 0h 1m 41s)

